# JRE version: Java(TM) SE Runtime Environment (17.0.1+12) (build 17.0.1+12-LTS-39)
# Java VM: Java HotSpot(TM) 64-Bit Server VM (17.0.1+12-LTS-39, mixed mode, emulated-client, sharing, tiered, compressed oops, compressed class ptrs, g1 gc, bsd-aarch64)
GC Precious Log:
 CPUs: 10 total, 10 available
 Memory: 32768M
 Large Page Support: Disabled
 NUMA Support: Disabled
 Compressed Oops: Enabled (Zero based)
 Heap Region Size: 4M
 Heap Min Capacity: 8M
 Heap Initial Capacity: 512M
 Heap Max Capacity: 8G
 Pre-touch: Disabled
 Parallel Workers: 9
 Concurrent Workers: 2
 Concurrent Refinement Workers: 9
 Periodic GC: Disabled
Heap:
 garbage-first heap   total 532480K, used 25793K [0x0000000600000000, 0x0000000800000000)
  region size 4096K, 5 young (20480K), 1 survivors (4096K)
 Metaspace       used 18582K, committed 18816K, reserved 1064960K
  class space    used 2524K, committed 2624K, reserved 1048576K
GC Heap History (6 events):
Event: 0.176 GC heap before
{Heap before GC invocations=0 (full 0):
 garbage-first heap   total 532480K, used 24544K [0x0000000600000000, 0x0000000800000000)
  region size 4096K, 6 young (24576K), 0 survivors (0K)
 Metaspace       used 5818K, committed 5952K, reserved 1056768K
  class space    used 697K, committed 768K, reserved 1048576K
}
Event: 0.178 GC heap after
{Heap after GC invocations=1 (full 0):
 garbage-first heap   total 532480K, used 10240K [0x0000000600000000, 0x0000000800000000)
  region size 4096K, 1 young (4096K), 1 survivors (4096K)
 Metaspace       used 5818K, committed 5952K, reserved 1056768K
  class space    used 697K, committed 768K, reserved 1048576K
}
Event: 0.226 GC heap before
{Heap before GC invocations=1 (full 0):
 garbage-first heap   total 532480K, used 26624K [0x0000000600000000, 0x0000000800000000)
  region size 4096K, 6 young (24576K), 1 survivors (4096K)
 Metaspace       used 6820K, committed 6976K, reserved 1056768K
  class space    used 842K, committed 896K, reserved 1048576K
}
Event: 0.227 GC heap after
{Heap after GC invocations=2 (full 0):
 garbage-first heap   total 532480K, used 10884K [0x0000000600000000, 0x0000000800000000)
  region size 4096K, 1 young (4096K), 1 survivors (4096K)
 Metaspace       used 6820K, committed 6976K, reserved 1056768K
  class space    used 842K, committed 896K, reserved 1048576K
}
Event: 0.408 GC heap before
{Heap before GC invocations=2 (full 0):
 garbage-first heap   total 532480K, used 60036K [0x0000000600000000, 0x0000000800000000)
  region size 4096K, 13 young (53248K), 1 survivors (4096K)
 Metaspace       used 15611K, committed 15872K, reserved 1064960K
  class space    used 2167K, committed 2304K, reserved 1048576K
}
Event: 0.410 GC heap after
{Heap after GC invocations=3 (full 0):
 garbage-first heap   total 532480K, used 13505K [0x0000000600000000, 0x0000000800000000)
  region size 4096K, 1 young (4096K), 1 survivors (4096K)
 Metaspace       used 15611K, committed 15872K, reserved 1064960K
  class space    used 2167K, committed 2304K, reserved 1048576K
}

